[debug] [2022-08-10T06:41:59.327Z] ----------------------------------------------------------------------
[debug] [2022-08-10T06:41:59.329Z] Command:       /usr/local/bin/node /usr/local/bin/firebase deploy
[debug] [2022-08-10T06:41:59.329Z] CLI Version:   11.5.0
[debug] [2022-08-10T06:41:59.330Z] Platform:      darwin
[debug] [2022-08-10T06:41:59.330Z] Node Version:  v16.16.0
[debug] [2022-08-10T06:41:59.331Z] Time:          Wed Aug 10 2022 12:11:59 GMT+0530 (India Standard Time)
[debug] [2022-08-10T06:41:59.331Z] ----------------------------------------------------------------------
[debug] 
[debug] [2022-08-10T06:41:59.390Z] > command requires scopes: ["email","openid","https://www.googleapis.com/auth/cloudplatformprojects.readonly","https://www.googleapis.com/auth/firebase","https://www.googleapis.com/auth/cloud-platform"]
[debug] [2022-08-10T06:41:59.390Z] > authorizing via signed-in user (mergautam9@gmail.com)
[debug] [2022-08-10T06:41:59.390Z] [iam] checking project mange-kimambi for permissions ["cloudfunctions.functions.create","cloudfunctions.functions.delete","cloudfunctions.functions.get","cloudfunctions.functions.list","cloudfunctions.functions.update","cloudfunctions.operations.get","firebase.projects.get"]
[debug] [2022-08-10T06:41:59.393Z] >>> [apiv2][query] POST https://cloudresourcemanager.googleapis.com/v1/projects/mange-kimambi:testIamPermissions [none]
[debug] [2022-08-10T06:41:59.393Z] >>> [apiv2][(partial)header] POST https://cloudresourcemanager.googleapis.com/v1/projects/mange-kimambi:testIamPermissions x-goog-quota-user=projects/mange-kimambi
[debug] [2022-08-10T06:41:59.393Z] >>> [apiv2][body] POST https://cloudresourcemanager.googleapis.com/v1/projects/mange-kimambi:testIamPermissions {"permissions":["cloudfunctions.functions.create","cloudfunctions.functions.delete","cloudfunctions.functions.get","cloudfunctions.functions.list","cloudfunctions.functions.update","cloudfunctions.operations.get","firebase.projects.get"]}
[debug] [2022-08-10T06:42:01.015Z] <<< [apiv2][status] POST https://cloudresourcemanager.googleapis.com/v1/projects/mange-kimambi:testIamPermissions 200
[debug] [2022-08-10T06:42:01.015Z] <<< [apiv2][body] POST https://cloudresourcemanager.googleapis.com/v1/projects/mange-kimambi:testIamPermissions {"permissions":["cloudfunctions.functions.create","cloudfunctions.functions.delete","cloudfunctions.functions.get","cloudfunctions.functions.list","cloudfunctions.functions.update","cloudfunctions.operations.get","firebase.projects.get"]}
[debug] [2022-08-10T06:42:01.015Z] >>> [apiv2][query] POST https://iam.googleapis.com/v1/projects/mange-kimambi/serviceAccounts/mange-kimambi@appspot.gserviceaccount.com:testIamPermissions [none]
[debug] [2022-08-10T06:42:01.016Z] >>> [apiv2][body] POST https://iam.googleapis.com/v1/projects/mange-kimambi/serviceAccounts/mange-kimambi@appspot.gserviceaccount.com:testIamPermissions {"permissions":["iam.serviceAccounts.actAs"]}
[debug] [2022-08-10T06:42:02.756Z] <<< [apiv2][status] POST https://iam.googleapis.com/v1/projects/mange-kimambi/serviceAccounts/mange-kimambi@appspot.gserviceaccount.com:testIamPermissions 200
[debug] [2022-08-10T06:42:02.756Z] <<< [apiv2][body] POST https://iam.googleapis.com/v1/projects/mange-kimambi/serviceAccounts/mange-kimambi@appspot.gserviceaccount.com:testIamPermissions {"permissions":["iam.serviceAccounts.actAs"]}
[info] 
[info] === Deploying to 'mange-kimambi'...
[info] 
[info] i  deploying functions 
[debug] [2022-08-10T06:42:02.762Z] >>> [apiv2][query] GET https://firebase.googleapis.com/v1beta1/projects/mange-kimambi [none]
[debug] [2022-08-10T06:42:03.575Z] <<< [apiv2][status] GET https://firebase.googleapis.com/v1beta1/projects/mange-kimambi 200
[debug] [2022-08-10T06:42:03.576Z] <<< [apiv2][body] GET https://firebase.googleapis.com/v1beta1/projects/mange-kimambi {"projectId":"mange-kimambi","projectNumber":"614921320596","displayName":"Mange Kimambi","name":"projects/mange-kimambi","resources":{"hostingSite":"mange-kimambi","realtimeDatabaseInstance":"mange-kimambi-default-rtdb","storageBucket":"mange-kimambi.appspot.com","locationId":"us-central"},"state":"ACTIVE","etag":"1_0ad56c6f-2264-4acd-906e-4ed26581b08b"}
[info] i  functions: ensuring required API cloudfunctions.googleapis.com is enabled... 
[info] i  functions: ensuring required API cloudbuild.googleapis.com is enabled... 
[info] i  artifactregistry: ensuring required API artifactregistry.googleapis.com is enabled... 
[debug] [2022-08-10T06:42:03.578Z] >>> [apiv2][query] GET https://serviceusage.googleapis.com/v1/projects/mange-kimambi/services/cloudfunctions.googleapis.com [none]
[debug] [2022-08-10T06:42:03.580Z] >>> [apiv2][query] GET https://serviceusage.googleapis.com/v1/projects/mange-kimambi/services/runtimeconfig.googleapis.com [none]
[debug] [2022-08-10T06:42:03.581Z] >>> [apiv2][query] GET https://serviceusage.googleapis.com/v1/projects/mange-kimambi/services/cloudbuild.googleapis.com [none]
[debug] [2022-08-10T06:42:03.582Z] >>> [apiv2][query] GET https://serviceusage.googleapis.com/v1/projects/mange-kimambi/services/artifactregistry.googleapis.com [none]
[debug] [2022-08-10T06:42:05.447Z] <<< [apiv2][status] GET https://serviceusage.googleapis.com/v1/projects/mange-kimambi/services/runtimeconfig.googleapis.com 200
[debug] [2022-08-10T06:42:05.447Z] <<< [apiv2][body] GET https://serviceusage.googleapis.com/v1/projects/mange-kimambi/services/runtimeconfig.googleapis.com [omitted]
[debug] [2022-08-10T06:42:05.457Z] <<< [apiv2][status] GET https://serviceusage.googleapis.com/v1/projects/mange-kimambi/services/cloudfunctions.googleapis.com 200
[debug] [2022-08-10T06:42:05.457Z] <<< [apiv2][body] GET https://serviceusage.googleapis.com/v1/projects/mange-kimambi/services/cloudfunctions.googleapis.com [omitted]
[info] ✔  functions: required API cloudfunctions.googleapis.com is enabled 
[debug] [2022-08-10T06:42:05.502Z] <<< [apiv2][status] GET https://serviceusage.googleapis.com/v1/projects/mange-kimambi/services/cloudbuild.googleapis.com 200
[debug] [2022-08-10T06:42:05.503Z] <<< [apiv2][body] GET https://serviceusage.googleapis.com/v1/projects/mange-kimambi/services/cloudbuild.googleapis.com [omitted]
[info] ✔  functions: required API cloudbuild.googleapis.com is enabled 
[debug] [2022-08-10T06:42:05.504Z] <<< [apiv2][status] GET https://serviceusage.googleapis.com/v1/projects/mange-kimambi/services/artifactregistry.googleapis.com 200
[debug] [2022-08-10T06:42:05.504Z] <<< [apiv2][body] GET https://serviceusage.googleapis.com/v1/projects/mange-kimambi/services/artifactregistry.googleapis.com [omitted]
[info] ✔  artifactregistry: required API artifactregistry.googleapis.com is enabled 
[debug] [2022-08-10T06:42:05.505Z] >>> [apiv2][query] GET https://firebase.googleapis.com/v1beta1/projects/mange-kimambi/adminSdkConfig [none]
[debug] [2022-08-10T06:42:06.118Z] <<< [apiv2][status] GET https://firebase.googleapis.com/v1beta1/projects/mange-kimambi/adminSdkConfig 200
[debug] [2022-08-10T06:42:06.118Z] <<< [apiv2][body] GET https://firebase.googleapis.com/v1beta1/projects/mange-kimambi/adminSdkConfig {"projectId":"mange-kimambi","databaseURL":"https://mange-kimambi-default-rtdb.firebaseio.com","storageBucket":"mange-kimambi.appspot.com","locationId":"us-central"}
[debug] [2022-08-10T06:42:06.119Z] >>> [apiv2][query] GET https://runtimeconfig.googleapis.com/v1beta1/projects/mange-kimambi/configs [none]
[debug] [2022-08-10T06:42:06.703Z] <<< [apiv2][status] GET https://runtimeconfig.googleapis.com/v1beta1/projects/mange-kimambi/configs 200
[debug] [2022-08-10T06:42:06.703Z] <<< [apiv2][body] GET https://runtimeconfig.googleapis.com/v1beta1/projects/mange-kimambi/configs {}
[info] i  functions: preparing codebase default for deployment 
[debug] [2022-08-10T06:42:06.706Z] Validating nodejs source
[debug] [2022-08-10T06:42:08.130Z] > [functions] package.json contents: {
  "name": "functions",
  "description": "Cloud Functions for Firebase",
  "scripts": {
    "serve": "firebase emulators:start --only functions",
    "shell": "firebase functions:shell",
    "start": "npm run shell",
    "deploy": "firebase deploy --only functions",
    "logs": "firebase functions:log"
  },
  "engines": {
    "node": "16"
  },
  "main": "index.js",
  "dependencies": {
    "firebase-admin": "^10.0.2",
    "firebase-functions": "^3.18.0",
    "express": "^4.18.1",
    "stripe": "^9.6.0"
  },
  "devDependencies": {
    "firebase-functions-test": "^0.2.0"
  },
  "private": true
}
[debug] [2022-08-10T06:42:08.131Z] Building nodejs source
[debug] [2022-08-10T06:42:08.137Z] Could not find functions.yaml. Must use http discovery
[debug] [2022-08-10T06:42:08.673Z] Serving at port 9005

[debug] [2022-08-10T06:42:08.854Z] FetchError: request to http://localhost:9005/__/quitquitquit failed, reason: connect ECONNREFUSED 127.0.0.1:9005
    at ClientRequest.<anonymous> (/usr/local/lib/node_modules/firebase-tools/node_modules/node-fetch/lib/index.js:1491:11)
    at ClientRequest.emit (node:events:527:28)
    at ClientRequest.emit (node:domain:475:12)
    at Socket.socketErrorListener (node:_http_client:454:9)
    at Socket.emit (node:events:527:28)
    at Socket.emit (node:domain:475:12)
    at emitErrorNT (node:internal/streams/destroy:157:8)
    at emitErrorCloseNT (node:internal/streams/destroy:122:3)
    at processTicksAndRejections (node:internal/process/task_queues:83:21)
[error] 
[error] Error: An unexpected error has occurred.
[debug] [2022-08-10T06:42:37.442Z] ----------------------------------------------------------------------
[debug] [2022-08-10T06:42:37.444Z] Command:       /usr/local/bin/node /usr/local/bin/firebase deploy
[debug] [2022-08-10T06:42:37.444Z] CLI Version:   11.5.0
[debug] [2022-08-10T06:42:37.444Z] Platform:      darwin
[debug] [2022-08-10T06:42:37.444Z] Node Version:  v16.16.0
[debug] [2022-08-10T06:42:37.446Z] Time:          Wed Aug 10 2022 12:12:37 GMT+0530 (India Standard Time)
[debug] [2022-08-10T06:42:37.447Z] ----------------------------------------------------------------------
[debug] 
[debug] [2022-08-10T06:42:37.521Z] > command requires scopes: ["email","openid","https://www.googleapis.com/auth/cloudplatformprojects.readonly","https://www.googleapis.com/auth/firebase","https://www.googleapis.com/auth/cloud-platform"]
[debug] [2022-08-10T06:42:37.522Z] > authorizing via signed-in user (mergautam9@gmail.com)
[debug] [2022-08-10T06:42:37.522Z] [iam] checking project mange-kimambi for permissions ["cloudfunctions.functions.create","cloudfunctions.functions.delete","cloudfunctions.functions.get","cloudfunctions.functions.list","cloudfunctions.functions.update","cloudfunctions.operations.get","firebase.projects.get"]
[debug] [2022-08-10T06:42:37.525Z] >>> [apiv2][query] POST https://cloudresourcemanager.googleapis.com/v1/projects/mange-kimambi:testIamPermissions [none]
[debug] [2022-08-10T06:42:37.525Z] >>> [apiv2][(partial)header] POST https://cloudresourcemanager.googleapis.com/v1/projects/mange-kimambi:testIamPermissions x-goog-quota-user=projects/mange-kimambi
[debug] [2022-08-10T06:42:37.525Z] >>> [apiv2][body] POST https://cloudresourcemanager.googleapis.com/v1/projects/mange-kimambi:testIamPermissions {"permissions":["cloudfunctions.functions.create","cloudfunctions.functions.delete","cloudfunctions.functions.get","cloudfunctions.functions.list","cloudfunctions.functions.update","cloudfunctions.operations.get","firebase.projects.get"]}
[debug] [2022-08-10T06:42:37.990Z] <<< [apiv2][status] POST https://cloudresourcemanager.googleapis.com/v1/projects/mange-kimambi:testIamPermissions 200
[debug] [2022-08-10T06:42:37.990Z] <<< [apiv2][body] POST https://cloudresourcemanager.googleapis.com/v1/projects/mange-kimambi:testIamPermissions {"permissions":["cloudfunctions.functions.create","cloudfunctions.functions.delete","cloudfunctions.functions.get","cloudfunctions.functions.list","cloudfunctions.functions.update","cloudfunctions.operations.get","firebase.projects.get"]}
[debug] [2022-08-10T06:42:37.990Z] >>> [apiv2][query] POST https://iam.googleapis.com/v1/projects/mange-kimambi/serviceAccounts/mange-kimambi@appspot.gserviceaccount.com:testIamPermissions [none]
[debug] [2022-08-10T06:42:37.990Z] >>> [apiv2][body] POST https://iam.googleapis.com/v1/projects/mange-kimambi/serviceAccounts/mange-kimambi@appspot.gserviceaccount.com:testIamPermissions {"permissions":["iam.serviceAccounts.actAs"]}
[debug] [2022-08-10T06:42:39.621Z] <<< [apiv2][status] POST https://iam.googleapis.com/v1/projects/mange-kimambi/serviceAccounts/mange-kimambi@appspot.gserviceaccount.com:testIamPermissions 200
[debug] [2022-08-10T06:42:39.621Z] <<< [apiv2][body] POST https://iam.googleapis.com/v1/projects/mange-kimambi/serviceAccounts/mange-kimambi@appspot.gserviceaccount.com:testIamPermissions {"permissions":["iam.serviceAccounts.actAs"]}
[info] 
[info] === Deploying to 'mange-kimambi'...
[info] 
[info] i  deploying functions 
[debug] [2022-08-10T06:42:39.625Z] >>> [apiv2][query] GET https://firebase.googleapis.com/v1beta1/projects/mange-kimambi [none]
[debug] [2022-08-10T06:42:40.102Z] <<< [apiv2][status] GET https://firebase.googleapis.com/v1beta1/projects/mange-kimambi 200
[debug] [2022-08-10T06:42:40.103Z] <<< [apiv2][body] GET https://firebase.googleapis.com/v1beta1/projects/mange-kimambi {"projectId":"mange-kimambi","projectNumber":"614921320596","displayName":"Mange Kimambi","name":"projects/mange-kimambi","resources":{"hostingSite":"mange-kimambi","realtimeDatabaseInstance":"mange-kimambi-default-rtdb","storageBucket":"mange-kimambi.appspot.com","locationId":"us-central"},"state":"ACTIVE","etag":"1_0ad56c6f-2264-4acd-906e-4ed26581b08b"}
[info] i  functions: ensuring required API cloudfunctions.googleapis.com is enabled... 
[info] i  functions: ensuring required API cloudbuild.googleapis.com is enabled... 
[info] i  artifactregistry: ensuring required API artifactregistry.googleapis.com is enabled... 
[debug] [2022-08-10T06:42:40.105Z] >>> [apiv2][query] GET https://serviceusage.googleapis.com/v1/projects/mange-kimambi/services/cloudfunctions.googleapis.com [none]
[debug] [2022-08-10T06:42:40.107Z] >>> [apiv2][query] GET https://serviceusage.googleapis.com/v1/projects/mange-kimambi/services/runtimeconfig.googleapis.com [none]
[debug] [2022-08-10T06:42:40.109Z] >>> [apiv2][query] GET https://serviceusage.googleapis.com/v1/projects/mange-kimambi/services/cloudbuild.googleapis.com [none]
[debug] [2022-08-10T06:42:40.110Z] >>> [apiv2][query] GET https://serviceusage.googleapis.com/v1/projects/mange-kimambi/services/artifactregistry.googleapis.com [none]
